<?xml version="1.0" encoding="UTF-8"?>
<!-- Generated by org.testng.reporters.JUnitXMLReporter -->
<testsuite hostname="LAPTOP-0DTKRKS3" ignored="5" tests="0" failures="0" timestamp="05 Aug 2021 11:13:07 GMT" time="0.01" errors="0">
  <testcase name="test001verifyHomepage" time="0.0" classname="org.wvs.vtiger.tests.TestHomePage">
    <ignored/>
  </testcase> <!-- test001verifyHomepage -->
  <testcase name="test_001_AccountCreation" time="0.0" classname="org.wvs.vtiger.tests.TestCreateAccountPage">
    <ignored/>
  </testcase> <!-- test_001_AccountCreation -->
  <testcase name="test001verifyAccountpage" time="0.0" classname="org.wvs.vtiger.tests.TestAccountPage">
    <ignored/>
  </testcase> <!-- test001verifyAccountpage -->
  <testcase name="test001Loginpage" time="0.0" classname="org.wvs.vtiger.tests.TestLoginPage">
    <ignored/>
  </testcase> <!-- test001Loginpage -->
  <testcase name="test_001_AccountDetailPage" time="0.0" classname="org.wvs.vtiger.tests.TestAccountDetailpage">
    <ignored/>
  </testcase> <!-- test_001_AccountDetailPage -->
</testsuite>
